#0 building with "default" instance using docker driver

#1 [internal] load build definition from Dockerfile
#1 transferring dockerfile: 484B done
#1 DONE 0.0s

#2 [internal] load metadata for docker.io/library/python:3.11-slim-buster
#2 DONE 0.9s

#3 [internal] load .dockerignore
#3 transferring context: 2B done
#3 DONE 0.0s

#4 [1/2] FROM docker.io/library/python:3.11-slim-buster@sha256:c46b0ae5728c2247b99903098ade3176a58e274d9c7d2efeaaab3e0621a53935
#4 CACHED

#5 [2/2] RUN pip install --no-cache-dir finaletoolkit==0.10.7
#5 2.342 Collecting finaletoolkit==0.10.7
#5 2.514   Downloading FinaleToolkit-0.10.7-py3-none-any.whl (85 kB)
#5 2.538      ━━━━━━━━━━━━━━━━━━━━━━━━━━━━━━━━━━━━━━━━ 85.7/85.7 kB 4.2 MB/s eta 0:00:00
#5 2.784 Collecting numpy (from finaletoolkit==0.10.7)
#5 2.870   Downloading numpy-2.2.6-cp311-cp311-manylinux_2_17_x86_64.manylinux2014_x86_64.whl (16.8 MB)
#5 4.225      ━━━━━━━━━━━━━━━━━━━━━━━━━━━━━━━━━━━━━━━━ 16.8/16.8 MB 13.0 MB/s eta 0:00:00
#5 4.382 Collecting pysam (from finaletoolkit==0.10.7)
#5 4.393   Downloading pysam-0.23.0-cp311-cp311-manylinux_2_28_x86_64.whl (26.0 MB)
#5 6.338      ━━━━━━━━━━━━━━━━━━━━━━━━━━━━━━━━━━━━━━━━ 26.0/26.0 MB 13.7 MB/s eta 0:00:00
#5 6.482 Collecting pybigwig (from finaletoolkit==0.10.7)
#5 6.556   Downloading pyBigWig-0.3.24-cp311-cp311-manylinux_2_17_x86_64.manylinux2014_x86_64.whl (185 kB)
#5 6.571      ━━━━━━━━━━━━━━━━━━━━━━━━━━━━━━━━━━━━━━ 185.8/185.8 kB 16.5 MB/s eta 0:00:00
#5 6.692 Collecting py2bit (from finaletoolkit==0.10.7)
#5 6.799   Downloading py2bit-0.3.3-cp311-cp311-manylinux_2_17_x86_64.manylinux2014_x86_64.whl (49 kB)
#5 6.806      ━━━━━━━━━━━━━━━━━━━━━━━━━━━━━━━━━━━━━━━━ 49.0/49.0 kB 11.5 MB/s eta 0:00:00
#5 6.857 Collecting tqdm (from finaletoolkit==0.10.7)
#5 6.864   Downloading tqdm-4.67.1-py3-none-any.whl (78 kB)
#5 6.870      ━━━━━━━━━━━━━━━━━━━━━━━━━━━━━━━━━━━━━━━━ 78.5/78.5 kB 30.0 MB/s eta 0:00:00
#5 6.989 Collecting numba (from finaletoolkit==0.10.7)
#5 6.999   Downloading numba-0.61.2-cp311-cp311-manylinux2014_x86_64.manylinux_2_17_x86_64.whl (3.8 MB)
#5 7.278      ━━━━━━━━━━━━━━━━━━━━━━━━━━━━━━━━━━━━━━━━ 3.8/3.8 MB 13.9 MB/s eta 0:00:00
#5 7.445 Collecting scipy (from finaletoolkit==0.10.7)
#5 7.475   Downloading scipy-1.15.3-cp311-cp311-manylinux_2_17_x86_64.manylinux2014_x86_64.whl (37.7 MB)
#5 10.45      ━━━━━━━━━━━━━━━━━━━━━━━━━━━━━━━━━━━━━━━━ 37.7/37.7 MB 11.2 MB/s eta 0:00:00
#5 10.68 Collecting pandas (from finaletoolkit==0.10.7)
#5 10.69   Downloading pandas-2.2.3-cp311-cp311-manylinux_2_17_x86_64.manylinux2014_x86_64.whl (13.1 MB)
#5 11.89      ━━━━━━━━━━━━━━━━━━━━━━━━━━━━━━━━━━━━━━━━ 13.1/13.1 MB 10.8 MB/s eta 0:00:00
#5 11.97 Collecting statsmodels (from finaletoolkit==0.10.7)
#5 11.98   Downloading statsmodels-0.14.4-cp311-cp311-manylinux_2_17_x86_64.manylinux2014_x86_64.whl (10.8 MB)
#5 13.01      ━━━━━━━━━━━━━━━━━━━━━━━━━━━━━━━━━━━━━━━━ 10.8/10.8 MB 10.5 MB/s eta 0:00:00
#5 13.43 Collecting loess (from finaletoolkit==0.10.7)
#5 13.45   Downloading loess-2.1.2-py3-none-any.whl (18 kB)
#5 13.63 Collecting matplotlib (from finaletoolkit==0.10.7)
#5 13.64   Downloading matplotlib-3.10.3-cp311-cp311-manylinux_2_17_x86_64.manylinux2014_x86_64.whl (8.6 MB)
#5 14.48      ━━━━━━━━━━━━━━━━━━━━━━━━━━━━━━━━━━━━━━━━ 8.6/8.6 MB 10.4 MB/s eta 0:00:00
#5 14.61 Collecting plotbin (from loess->finaletoolkit==0.10.7)
#5 14.63   Downloading plotbin-3.1.7-py3-none-any.whl (13 kB)
#5 14.74 Collecting contourpy>=1.0.1 (from matplotlib->finaletoolkit==0.10.7)
#5 14.75   Downloading contourpy-1.3.2-cp311-cp311-manylinux_2_17_x86_64.manylinux2014_x86_64.whl (326 kB)
#5 14.78      ━━━━━━━━━━━━━━━━━━━━━━━━━━━━━━━━━━━━━━ 326.2/326.2 kB 10.3 MB/s eta 0:00:00
#5 14.80 Collecting cycler>=0.10 (from matplotlib->finaletoolkit==0.10.7)
#5 14.81   Downloading cycler-0.12.1-py3-none-any.whl (8.3 kB)
#5 15.00 Collecting fonttools>=4.22.0 (from matplotlib->finaletoolkit==0.10.7)
#5 15.02   Downloading fonttools-4.58.0-cp311-cp311-manylinux_2_17_x86_64.manylinux2014_x86_64.whl (4.9 MB)
#5 15.65      ━━━━━━━━━━━━━━━━━━━━━━━━━━━━━━━━━━━━━━━━ 4.9/4.9 MB 7.8 MB/s eta 0:00:00
#5 15.73 Collecting kiwisolver>=1.3.1 (from matplotlib->finaletoolkit==0.10.7)
#5 15.74   Downloading kiwisolver-1.4.8-cp311-cp311-manylinux_2_17_x86_64.manylinux2014_x86_64.whl (1.4 MB)
#5 15.87      ━━━━━━━━━━━━━━━━━━━━━━━━━━━━━━━━━━━━━━━━ 1.4/1.4 MB 11.7 MB/s eta 0:00:00
#5 15.91 Collecting packaging>=20.0 (from matplotlib->finaletoolkit==0.10.7)
#5 15.92   Downloading packaging-25.0-py3-none-any.whl (66 kB)
#5 15.93      ━━━━━━━━━━━━━━━━━━━━━━━━━━━━━━━━━━━━━━━━ 66.5/66.5 kB 17.5 MB/s eta 0:00:00
#5 16.13 Collecting pillow>=8 (from matplotlib->finaletoolkit==0.10.7)
#5 16.14   Downloading pillow-11.2.1-cp311-cp311-manylinux_2_28_x86_64.whl (4.6 MB)
#5 16.56      ━━━━━━━━━━━━━━━━━━━━━━━━━━━━━━━━━━━━━━━━ 4.6/4.6 MB 11.1 MB/s eta 0:00:00
#5 16.61 Collecting pyparsing>=2.3.1 (from matplotlib->finaletoolkit==0.10.7)
#5 16.62   Downloading pyparsing-3.2.3-py3-none-any.whl (111 kB)
#5 16.63      ━━━━━━━━━━━━━━━━━━━━━━━━━━━━━━━━━━━━━━ 111.1/111.1 kB 16.4 MB/s eta 0:00:00
#5 16.66 Collecting python-dateutil>=2.7 (from matplotlib->finaletoolkit==0.10.7)
#5 16.67   Downloading python_dateutil-2.9.0.post0-py2.py3-none-any.whl (229 kB)
#5 16.69      ━━━━━━━━━━━━━━━━━━━━━━━━━━━━━━━━━━━━━━ 229.9/229.9 kB 14.5 MB/s eta 0:00:00
#5 16.78 Collecting llvmlite<0.45,>=0.44.0dev0 (from numba->finaletoolkit==0.10.7)
#5 16.79   Downloading llvmlite-0.44.0-cp311-cp311-manylinux_2_17_x86_64.manylinux2014_x86_64.whl (42.4 MB)
#5 20.55      ━━━━━━━━━━━━━━━━━━━━━━━━━━━━━━━━━━━━━━━━ 42.4/42.4 MB 11.4 MB/s eta 0:00:00
#5 20.70 Collecting pytz>=2020.1 (from pandas->finaletoolkit==0.10.7)
#5 20.71   Downloading pytz-2025.2-py2.py3-none-any.whl (509 kB)
#5 20.76      ━━━━━━━━━━━━━━━━━━━━━━━━━━━━━━━━━━━━━━ 509.2/509.2 kB 11.5 MB/s eta 0:00:00
#5 20.79 Collecting tzdata>=2022.7 (from pandas->finaletoolkit==0.10.7)
#5 20.80   Downloading tzdata-2025.2-py2.py3-none-any.whl (347 kB)
#5 20.83      ━━━━━━━━━━━━━━━━━━━━━━━━━━━━━━━━━━━━━━ 347.8/347.8 kB 12.4 MB/s eta 0:00:00
#5 20.91 Collecting patsy>=0.5.6 (from statsmodels->finaletoolkit==0.10.7)
#5 20.93   Downloading patsy-1.0.1-py2.py3-none-any.whl (232 kB)
#5 20.94      ━━━━━━━━━━━━━━━━━━━━━━━━━━━━━━━━━━━━━━ 232.9/232.9 kB 14.7 MB/s eta 0:00:00
#5 21.04 Collecting six>=1.5 (from python-dateutil>=2.7->matplotlib->finaletoolkit==0.10.7)
#5 21.05   Downloading six-1.17.0-py2.py3-none-any.whl (11 kB)
#5 21.27 Installing collected packages: pytz, py2bit, tzdata, tqdm, six, pysam, pyparsing, pybigwig, pillow, packaging, numpy, llvmlite, kiwisolver, fonttools, cycler, scipy, python-dateutil, patsy, numba, contourpy, pandas, matplotlib, statsmodels, plotbin, loess, finaletoolkit
#5 33.32 WARNING: Running pip as the 'root' user can result in broken permissions and conflicting behaviour with the system package manager. It is recommended to use a virtual environment instead: https://pip.pypa.io/warnings/venv
#5 33.32 Successfully installed contourpy-1.3.2 cycler-0.12.1 finaletoolkit-0.10.7 fonttools-4.58.0 kiwisolver-1.4.8 llvmlite-0.44.0 loess-2.1.2 matplotlib-3.10.3 numba-0.61.2 numpy-2.2.6 packaging-25.0 pandas-2.2.3 patsy-1.0.1 pillow-11.2.1 plotbin-3.1.7 py2bit-0.3.3 pybigwig-0.3.24 pyparsing-3.2.3 pysam-0.23.0 python-dateutil-2.9.0.post0 pytz-2025.2 scipy-1.15.3 six-1.17.0 statsmodels-0.14.4 tqdm-4.67.1 tzdata-2025.2
#5 33.47 
#5 33.47 [notice] A new release of pip is available: 23.1.2 -> 25.1.1
#5 33.47 [notice] To update, run: pip install --upgrade pip
#5 DONE 33.7s

#6 exporting to image
#6 exporting layers
#6 exporting layers 2.0s done
#6 writing image sha256:6e4aaa1a82a24332e606181e8da142a5238023c2a8aa6b167d0bc4b172fc9750 done
#6 DONE 2.0s
